<?xml version="1.0" encoding="UTF-8"?>
<testng-results ignored="0" total="1" passed="1" failed="0" skipped="0">
  <reporter-output>
  </reporter-output>
  <suite started-at="2022-02-13T08:53:09Z" name="Suite" finished-at="2022-02-13T08:53:26Z" duration-ms="16327">
    <groups>
    </groups>
    <test started-at="2022-02-13T08:53:09Z" name="Test" finished-at="2022-02-13T08:53:26Z" duration-ms="16327">
      <class name="com.corp.qa.testcases.LoginPageTest1">
        <test-method is-config="true" signature="SSSetUp()[pri:0, instance:com.corp.qa.testcases.LoginPageTest1@1e44b638]" started-at="2022-02-13T08:53:09Z" name="SSSetUp" finished-at="2022-02-13T08:53:23Z" duration-ms="13807" status="PASS">
          <reporter-output>
          </reporter-output>
        </test-method> <!-- SSSetUp -->
        <test-method signature="validateLoginnnn()[pri:0, instance:com.corp.qa.testcases.LoginPageTest1@1e44b638]" started-at="2022-02-13T08:53:23Z" name="validateLoginnnn" finished-at="2022-02-13T08:53:26Z" duration-ms="2505" status="PASS">
          <reporter-output>
          </reporter-output>
        </test-method> <!-- validateLoginnnn -->
      </class> <!-- com.corp.qa.testcases.LoginPageTest1 -->
    </test> <!-- Test -->
  </suite> <!-- Suite -->
</testng-results>
