<?xml version="1.0" encoding="UTF-8"?>
<testng-results ignored="0" total="1" passed="1" failed="0" skipped="0">
  <reporter-output>
  </reporter-output>
  <suite started-at="2022-02-13T10:24:05 IST" name="Default suite" finished-at="2022-02-13T10:24:21 IST" duration-ms="15488">
    <groups>
    </groups>
    <test started-at="2022-02-13T10:24:05 IST" name="Default test" finished-at="2022-02-13T10:24:21 IST" duration-ms="15488">
      <class name="com.corp.qa.testcases.LoginPageTest1">
        <test-method is-config="true" signature="SSSetUp()[pri:0, instance:com.corp.qa.testcases.LoginPageTest1@4c60d6e9]" started-at="2022-02-13T10:24:05 IST" name="SSSetUp" finished-at="2022-02-13T10:24:18 IST" duration-ms="12941" status="PASS">
          <reporter-output>
          </reporter-output>
        </test-method> <!-- SSSetUp -->
        <test-method signature="validateLoginnnn()[pri:0, instance:com.corp.qa.testcases.LoginPageTest1@4c60d6e9]" started-at="2022-02-13T10:24:18 IST" name="validateLoginnnn" finished-at="2022-02-13T10:24:20 IST" duration-ms="2511" status="PASS">
          <reporter-output>
          </reporter-output>
        </test-method> <!-- validateLoginnnn -->
      </class> <!-- com.corp.qa.testcases.LoginPageTest1 -->
    </test> <!-- Default test -->
  </suite> <!-- Default suite -->
</testng-results>
